2003.06.02 15:47 B C:\Documents and Settings\James.OPSTER.000\Desktop\DAV\org\apache\util\Base64.class <-- ftp.ic.ucsc.edu /usr/jedit/jedit403source/jEdit/jars/DAV/org/apache/util Base64.class
2003.06.02 15:47 B C:\Documents and Settings\James.OPSTER.000\Desktop\DAV\org\apache\util\DOMUtils$NodeListImpl.class <-- ftp.ic.ucsc.edu /usr/jedit/jedit403source/jEdit/jars/DAV/org/apache/util DOMUtils$NodeListImpl.class
2003.06.02 15:47 B C:\Documents and Settings\James.OPSTER.000\Desktop\DAV\org\apache\util\DOMUtils.class <-- ftp.ic.ucsc.edu /usr/jedit/jedit403source/jEdit/jars/DAV/org/apache/util DOMUtils.class
2003.06.02 15:47 B C:\Documents and Settings\James.OPSTER.000\Desktop\DAV\org\apache\util\DOMWriter.class <-- ftp.ic.ucsc.edu /usr/jedit/jedit403source/jEdit/jars/DAV/org/apache/util DOMWriter.class
2003.06.02 15:47 B C:\Documents and Settings\James.OPSTER.000\Desktop\DAV\org\apache\util\GenericURI.class <-- ftp.ic.ucsc.edu /usr/jedit/jedit403source/jEdit/jars/DAV/org/apache/util GenericURI.class
2003.06.02 15:47 B C:\Documents and Settings\James.OPSTER.000\Desktop\DAV\org\apache\util\HttpsURL.class <-- ftp.ic.ucsc.edu /usr/jedit/jedit403source/jEdit/jars/DAV/org/apache/util HttpsURL.class
2003.06.02 15:47 B C:\Documents and Settings\James.OPSTER.000\Desktop\DAV\org\apache\util\HttpURL.class <-- ftp.ic.ucsc.edu /usr/jedit/jedit403source/jEdit/jars/DAV/org/apache/util HttpURL.class
2003.06.02 15:47 B C:\Documents and Settings\James.OPSTER.000\Desktop\DAV\org\apache\util\MD5Encoder.class <-- ftp.ic.ucsc.edu /usr/jedit/jedit403source/jEdit/jars/DAV/org/apache/util MD5Encoder.class
2003.06.02 15:47 B C:\Documents and Settings\James.OPSTER.000\Desktop\DAV\org\apache\util\MIME2Java.class <-- ftp.ic.ucsc.edu /usr/jedit/jedit403source/jEdit/jars/DAV/org/apache/util MIME2Java.class
2003.06.02 15:47 B C:\Documents and Settings\James.OPSTER.000\Desktop\DAV\org\apache\util\NSDecl.class <-- ftp.ic.ucsc.edu /usr/jedit/jedit403source/jEdit/jars/DAV/org/apache/util NSDecl.class
2003.06.02 15:47 B C:\Documents and Settings\James.OPSTER.000\Desktop\DAV\org\apache\util\NSStack.class <-- ftp.ic.ucsc.edu /usr/jedit/jedit403source/jEdit/jars/DAV/org/apache/util NSStack.class
2003.06.02 15:47 B C:\Documents and Settings\James.OPSTER.000\Desktop\DAV\org\apache\util\PropertyWriter.class <-- ftp.ic.ucsc.edu /usr/jedit/jedit403source/jEdit/jars/DAV/org/apache/util PropertyWriter.class
2003.06.02 15:47 B C:\Documents and Settings\James.OPSTER.000\Desktop\DAV\org\apache\util\QName.class <-- ftp.ic.ucsc.edu /usr/jedit/jedit403source/jEdit/jars/DAV/org/apache/util QName.class
2003.06.02 15:47 B C:\Documents and Settings\James.OPSTER.000\Desktop\DAV\org\apache\util\URI$CharsetChanged.class <-- ftp.ic.ucsc.edu /usr/jedit/jedit403source/jEdit/jars/DAV/org/apache/util URI$CharsetChanged.class
2003.06.02 15:47 B C:\Documents and Settings\James.OPSTER.000\Desktop\DAV\org\apache\util\URI$LocaleToCharsetMap.class <-- ftp.ic.ucsc.edu /usr/jedit/jedit403source/jEdit/jars/DAV/org/apache/util URI$LocaleToCharsetMap.class
2003.06.02 15:47 B C:\Documents and Settings\James.OPSTER.000\Desktop\DAV\org\apache\util\URI.class <-- ftp.ic.ucsc.edu /usr/jedit/jedit403source/jEdit/jars/DAV/org/apache/util URI.class
2003.06.02 15:47 B C:\Documents and Settings\James.OPSTER.000\Desktop\DAV\org\apache\util\URIException.class <-- ftp.ic.ucsc.edu /usr/jedit/jedit403source/jEdit/jars/DAV/org/apache/util URIException.class
2003.06.02 15:47 B C:\Documents and Settings\James.OPSTER.000\Desktop\DAV\org\apache\util\URIUtil.class <-- ftp.ic.ucsc.edu /usr/jedit/jedit403source/jEdit/jars/DAV/org/apache/util URIUtil.class
2003.06.02 15:47 B C:\Documents and Settings\James.OPSTER.000\Desktop\DAV\org\apache\util\URLUtil.class <-- ftp.ic.ucsc.edu /usr/jedit/jedit403source/jEdit/jars/DAV/org/apache/util URLUtil.class
2003.06.02 15:47 B C:\Documents and Settings\James.OPSTER.000\Desktop\DAV\org\apache\util\WebdavStatus.class <-- ftp.ic.ucsc.edu /usr/jedit/jedit403source/jEdit/jars/DAV/org/apache/util WebdavStatus.class
2003.06.02 15:47 B C:\Documents and Settings\James.OPSTER.000\Desktop\DAV\org\apache\util\XMLPrinter.class <-- ftp.ic.ucsc.edu /usr/jedit/jedit403source/jEdit/jars/DAV/org/apache/util XMLPrinter.class
2003.06.02 15:47 B C:\Documents and Settings\James.OPSTER.000\Desktop\DAV\org\apache\util\XMLPrinter2.class <-- ftp.ic.ucsc.edu /usr/jedit/jedit403source/jEdit/jars/DAV/org/apache/util XMLPrinter2.class
