2003.06.02 15:47 B C:\Documents and Settings\James.OPSTER.000\Desktop\DAV\org\apache\crimson\tree\AttributeNode.class <-- ftp.ic.ucsc.edu /usr/jedit/jedit403source/jEdit/jars/DAV/org/apache/crimson/tree AttributeNode.class
2003.06.02 15:47 B C:\Documents and Settings\James.OPSTER.000\Desktop\DAV\org\apache\crimson\tree\AttributeSet.class <-- ftp.ic.ucsc.edu /usr/jedit/jedit403source/jEdit/jars/DAV/org/apache/crimson/tree AttributeSet.class
2003.06.02 15:47 B C:\Documents and Settings\James.OPSTER.000\Desktop\DAV\org\apache\crimson\tree\CDataNode.class <-- ftp.ic.ucsc.edu /usr/jedit/jedit403source/jEdit/jars/DAV/org/apache/crimson/tree CDataNode.class
2003.06.02 15:47 B C:\Documents and Settings\James.OPSTER.000\Desktop\DAV\org\apache\crimson\tree\CommentNode.class <-- ftp.ic.ucsc.edu /usr/jedit/jedit403source/jEdit/jars/DAV/org/apache/crimson/tree CommentNode.class
2003.06.02 15:47 B C:\Documents and Settings\James.OPSTER.000\Desktop\DAV\org\apache\crimson\tree\DataNode$NodeListImpl.class <-- ftp.ic.ucsc.edu /usr/jedit/jedit403source/jEdit/jars/DAV/org/apache/crimson/tree DataNode$NodeListImpl.class
2003.06.02 15:47 B C:\Documents and Settings\James.OPSTER.000\Desktop\DAV\org\apache\crimson\tree\DataNode.class <-- ftp.ic.ucsc.edu /usr/jedit/jedit403source/jEdit/jars/DAV/org/apache/crimson/tree DataNode.class
2003.06.02 15:47 B C:\Documents and Settings\James.OPSTER.000\Desktop\DAV\org\apache\crimson\tree\Doctype$EntityNode.class <-- ftp.ic.ucsc.edu /usr/jedit/jedit403source/jEdit/jars/DAV/org/apache/crimson/tree Doctype$EntityNode.class
2003.06.02 15:47 B C:\Documents and Settings\James.OPSTER.000\Desktop\DAV\org\apache\crimson\tree\Doctype$Nodemap.class <-- ftp.ic.ucsc.edu /usr/jedit/jedit403source/jEdit/jars/DAV/org/apache/crimson/tree Doctype$Nodemap.class
2003.06.02 15:47 B C:\Documents and Settings\James.OPSTER.000\Desktop\DAV\org\apache\crimson\tree\Doctype$NotationNode.class <-- ftp.ic.ucsc.edu /usr/jedit/jedit403source/jEdit/jars/DAV/org/apache/crimson/tree Doctype$NotationNode.class
2003.06.02 15:47 B C:\Documents and Settings\James.OPSTER.000\Desktop\DAV\org\apache\crimson\tree\Doctype.class <-- ftp.ic.ucsc.edu /usr/jedit/jedit403source/jEdit/jars/DAV/org/apache/crimson/tree Doctype.class
2003.06.02 15:47 B C:\Documents and Settings\James.OPSTER.000\Desktop\DAV\org\apache\crimson\tree\DocumentEx.class <-- ftp.ic.ucsc.edu /usr/jedit/jedit403source/jEdit/jars/DAV/org/apache/crimson/tree DocumentEx.class
2003.06.02 15:47 B C:\Documents and Settings\James.OPSTER.000\Desktop\DAV\org\apache\crimson\tree\DomEx.class <-- ftp.ic.ucsc.edu /usr/jedit/jedit403source/jEdit/jars/DAV/org/apache/crimson/tree DomEx.class
2003.06.02 15:47 B C:\Documents and Settings\James.OPSTER.000\Desktop\DAV\org\apache\crimson\tree\DOMImplementationImpl.class <-- ftp.ic.ucsc.edu /usr/jedit/jedit403source/jEdit/jars/DAV/org/apache/crimson/tree DOMImplementationImpl.class
2003.06.02 15:47 B C:\Documents and Settings\James.OPSTER.000\Desktop\DAV\org\apache\crimson\tree\ElementEx.class <-- ftp.ic.ucsc.edu /usr/jedit/jedit403source/jEdit/jars/DAV/org/apache/crimson/tree ElementEx.class
2003.06.02 15:47 B C:\Documents and Settings\James.OPSTER.000\Desktop\DAV\org\apache\crimson\tree\ElementFactory.class <-- ftp.ic.ucsc.edu /usr/jedit/jedit403source/jEdit/jars/DAV/org/apache/crimson/tree ElementFactory.class
2003.06.02 15:47 B C:\Documents and Settings\James.OPSTER.000\Desktop\DAV\org\apache\crimson\tree\ElementNode.class <-- ftp.ic.ucsc.edu /usr/jedit/jedit403source/jEdit/jars/DAV/org/apache/crimson/tree ElementNode.class
2003.06.02 15:47 B C:\Documents and Settings\James.OPSTER.000\Desktop\DAV\org\apache\crimson\tree\NamespacedNode.class <-- ftp.ic.ucsc.edu /usr/jedit/jedit403source/jEdit/jars/DAV/org/apache/crimson/tree NamespacedNode.class
2003.06.02 15:47 B C:\Documents and Settings\James.OPSTER.000\Desktop\DAV\org\apache\crimson\tree\NodeBase.class <-- ftp.ic.ucsc.edu /usr/jedit/jedit403source/jEdit/jars/DAV/org/apache/crimson/tree NodeBase.class
2003.06.02 15:47 B C:\Documents and Settings\James.OPSTER.000\Desktop\DAV\org\apache\crimson\tree\NodeEx.class <-- ftp.ic.ucsc.edu /usr/jedit/jedit403source/jEdit/jars/DAV/org/apache/crimson/tree NodeEx.class
2003.06.02 15:47 B C:\Documents and Settings\James.OPSTER.000\Desktop\DAV\org\apache\crimson\tree\ParentNode$TagList.class <-- ftp.ic.ucsc.edu /usr/jedit/jedit403source/jEdit/jars/DAV/org/apache/crimson/tree ParentNode$TagList.class
2003.06.02 15:47 B C:\Documents and Settings\James.OPSTER.000\Desktop\DAV\org\apache\crimson\tree\ParentNode$TagListNS.class <-- ftp.ic.ucsc.edu /usr/jedit/jedit403source/jEdit/jars/DAV/org/apache/crimson/tree ParentNode$TagListNS.class
2003.06.02 15:47 B C:\Documents and Settings\James.OPSTER.000\Desktop\DAV\org\apache\crimson\tree\ParentNode.class <-- ftp.ic.ucsc.edu /usr/jedit/jedit403source/jEdit/jars/DAV/org/apache/crimson/tree ParentNode.class
2003.06.02 15:47 B C:\Documents and Settings\James.OPSTER.000\Desktop\DAV\org\apache\crimson\tree\ParseContext.class <-- ftp.ic.ucsc.edu /usr/jedit/jedit403source/jEdit/jars/DAV/org/apache/crimson/tree ParseContext.class
2003.06.02 15:47 B C:\Documents and Settings\James.OPSTER.000\Desktop\DAV\org\apache\crimson\tree\PINode.class <-- ftp.ic.ucsc.edu /usr/jedit/jedit403source/jEdit/jars/DAV/org/apache/crimson/tree PINode.class
2003.06.02 15:47 B C:\Documents and Settings\James.OPSTER.000\Desktop\DAV\org\apache\crimson\tree\SimpleElementFactory.class <-- ftp.ic.ucsc.edu /usr/jedit/jedit403source/jEdit/jars/DAV/org/apache/crimson/tree SimpleElementFactory.class
2003.06.02 15:47 B C:\Documents and Settings\James.OPSTER.000\Desktop\DAV\org\apache\crimson\tree\TextNode.class <-- ftp.ic.ucsc.edu /usr/jedit/jedit403source/jEdit/jars/DAV/org/apache/crimson/tree TextNode.class
2003.06.02 15:47 B C:\Documents and Settings\James.OPSTER.000\Desktop\DAV\org\apache\crimson\tree\TreeWalker.class <-- ftp.ic.ucsc.edu /usr/jedit/jedit403source/jEdit/jars/DAV/org/apache/crimson/tree TreeWalker.class
2003.06.02 15:47 B C:\Documents and Settings\James.OPSTER.000\Desktop\DAV\org\apache\crimson\tree\XmlDocument$1.class <-- ftp.ic.ucsc.edu /usr/jedit/jedit403source/jEdit/jars/DAV/org/apache/crimson/tree XmlDocument$1.class
2003.06.02 15:47 B C:\Documents and Settings\James.OPSTER.000\Desktop\DAV\org\apache\crimson\tree\XmlDocument$Catalog.class <-- ftp.ic.ucsc.edu /usr/jedit/jedit403source/jEdit/jars/DAV/org/apache/crimson/tree XmlDocument$Catalog.class
2003.06.02 15:47 B C:\Documents and Settings\James.OPSTER.000\Desktop\DAV\org\apache\crimson\tree\XmlDocument$DocFragNode.class <-- ftp.ic.ucsc.edu /usr/jedit/jedit403source/jEdit/jars/DAV/org/apache/crimson/tree XmlDocument$DocFragNode.class
2003.06.02 15:47 B C:\Documents and Settings\James.OPSTER.000\Desktop\DAV\org\apache\crimson\tree\XmlDocument$EntityRefNode.class <-- ftp.ic.ucsc.edu /usr/jedit/jedit403source/jEdit/jars/DAV/org/apache/crimson/tree XmlDocument$EntityRefNode.class
2003.06.02 15:47 B C:\Documents and Settings\James.OPSTER.000\Desktop\DAV\org\apache\crimson\tree\XmlDocument$ExtWriteContext.class <-- ftp.ic.ucsc.edu /usr/jedit/jedit403source/jEdit/jars/DAV/org/apache/crimson/tree XmlDocument$ExtWriteContext.class
2003.06.02 15:47 B C:\Documents and Settings\James.OPSTER.000\Desktop\DAV\org\apache\crimson\tree\XmlDocument.class <-- ftp.ic.ucsc.edu /usr/jedit/jedit403source/jEdit/jars/DAV/org/apache/crimson/tree XmlDocument.class
2003.06.02 15:47 B C:\Documents and Settings\James.OPSTER.000\Desktop\DAV\org\apache\crimson\tree\XmlDocumentBuilder.class <-- ftp.ic.ucsc.edu /usr/jedit/jedit403source/jEdit/jars/DAV/org/apache/crimson/tree XmlDocumentBuilder.class
2003.06.02 15:47 B C:\Documents and Settings\James.OPSTER.000\Desktop\DAV\org\apache\crimson\tree\XmlWritable.class <-- ftp.ic.ucsc.edu /usr/jedit/jedit403source/jEdit/jars/DAV/org/apache/crimson/tree XmlWritable.class
2003.06.02 15:47 B C:\Documents and Settings\James.OPSTER.000\Desktop\DAV\org\apache\crimson\tree\XmlWriteContext.class <-- ftp.ic.ucsc.edu /usr/jedit/jedit403source/jEdit/jars/DAV/org/apache/crimson/tree XmlWriteContext.class
