2003.06.02 15:47 B C:\Documents and Settings\James.OPSTER.000\Desktop\DAV\org\apache\crimson\parser\AttributeDecl.class <-- ftp.ic.ucsc.edu /usr/jedit/jedit403source/jEdit/jars/DAV/org/apache/crimson/parser AttributeDecl.class
2003.06.02 15:47 B C:\Documents and Settings\James.OPSTER.000\Desktop\DAV\org\apache\crimson\parser\AttributesEx.class <-- ftp.ic.ucsc.edu /usr/jedit/jedit403source/jEdit/jars/DAV/org/apache/crimson/parser AttributesEx.class
2003.06.02 15:47 B C:\Documents and Settings\James.OPSTER.000\Desktop\DAV\org\apache\crimson\parser\AttributesExImpl.class <-- ftp.ic.ucsc.edu /usr/jedit/jedit403source/jEdit/jars/DAV/org/apache/crimson/parser AttributesExImpl.class
2003.06.02 15:47 B C:\Documents and Settings\James.OPSTER.000\Desktop\DAV\org\apache\crimson\parser\ContentModel.class <-- ftp.ic.ucsc.edu /usr/jedit/jedit403source/jEdit/jars/DAV/org/apache/crimson/parser ContentModel.class
2003.06.02 15:47 B C:\Documents and Settings\James.OPSTER.000\Desktop\DAV\org\apache\crimson\parser\ContentModelState.class <-- ftp.ic.ucsc.edu /usr/jedit/jedit403source/jEdit/jars/DAV/org/apache/crimson/parser ContentModelState.class
2003.06.02 15:47 B C:\Documents and Settings\James.OPSTER.000\Desktop\DAV\org\apache\crimson\parser\ElementDecl.class <-- ftp.ic.ucsc.edu /usr/jedit/jedit403source/jEdit/jars/DAV/org/apache/crimson/parser ElementDecl.class
2003.06.02 15:47 B C:\Documents and Settings\James.OPSTER.000\Desktop\DAV\org\apache\crimson\parser\ElementValidator.class <-- ftp.ic.ucsc.edu /usr/jedit/jedit403source/jEdit/jars/DAV/org/apache/crimson/parser ElementValidator.class
2003.06.02 15:47 B C:\Documents and Settings\James.OPSTER.000\Desktop\DAV\org\apache\crimson\parser\EndOfInputException.class <-- ftp.ic.ucsc.edu /usr/jedit/jedit403source/jEdit/jars/DAV/org/apache/crimson/parser EndOfInputException.class
2003.06.02 15:47 B C:\Documents and Settings\James.OPSTER.000\Desktop\DAV\org\apache\crimson\parser\EntityDecl.class <-- ftp.ic.ucsc.edu /usr/jedit/jedit403source/jEdit/jars/DAV/org/apache/crimson/parser EntityDecl.class
2003.06.02 15:47 B C:\Documents and Settings\James.OPSTER.000\Desktop\DAV\org\apache\crimson\parser\ExternalEntity.class <-- ftp.ic.ucsc.edu /usr/jedit/jedit403source/jEdit/jars/DAV/org/apache/crimson/parser ExternalEntity.class
2003.06.02 15:47 B C:\Documents and Settings\James.OPSTER.000\Desktop\DAV\org\apache\crimson\parser\InputEntity.class <-- ftp.ic.ucsc.edu /usr/jedit/jedit403source/jEdit/jars/DAV/org/apache/crimson/parser InputEntity.class
2003.06.02 15:47 B C:\Documents and Settings\James.OPSTER.000\Desktop\DAV\org\apache\crimson\parser\InternalEntity.class <-- ftp.ic.ucsc.edu /usr/jedit/jedit403source/jEdit/jars/DAV/org/apache/crimson/parser InternalEntity.class
2003.06.02 15:47 B C:\Documents and Settings\James.OPSTER.000\Desktop\DAV\org\apache\crimson\parser\Parser2$1.class <-- ftp.ic.ucsc.edu /usr/jedit/jedit403source/jEdit/jars/DAV/org/apache/crimson/parser Parser2$1.class
2003.06.02 15:47 B C:\Documents and Settings\James.OPSTER.000\Desktop\DAV\org\apache\crimson\parser\Parser2$Catalog.class <-- ftp.ic.ucsc.edu /usr/jedit/jedit403source/jEdit/jars/DAV/org/apache/crimson/parser Parser2$Catalog.class
2003.06.02 15:47 B C:\Documents and Settings\James.OPSTER.000\Desktop\DAV\org\apache\crimson\parser\Parser2$DocLocator.class <-- ftp.ic.ucsc.edu /usr/jedit/jedit403source/jEdit/jars/DAV/org/apache/crimson/parser Parser2$DocLocator.class
2003.06.02 15:47 B C:\Documents and Settings\James.OPSTER.000\Desktop\DAV\org\apache\crimson\parser\Parser2$NameCache.class <-- ftp.ic.ucsc.edu /usr/jedit/jedit403source/jEdit/jars/DAV/org/apache/crimson/parser Parser2$NameCache.class
2003.06.02 15:47 B C:\Documents and Settings\James.OPSTER.000\Desktop\DAV\org\apache\crimson\parser\Parser2$NameCacheEntry.class <-- ftp.ic.ucsc.edu /usr/jedit/jedit403source/jEdit/jars/DAV/org/apache/crimson/parser Parser2$NameCacheEntry.class
2003.06.02 15:47 B C:\Documents and Settings\James.OPSTER.000\Desktop\DAV\org\apache\crimson\parser\Parser2$NullHandler.class <-- ftp.ic.ucsc.edu /usr/jedit/jedit403source/jEdit/jars/DAV/org/apache/crimson/parser Parser2$NullHandler.class
2003.06.02 15:47 B C:\Documents and Settings\James.OPSTER.000\Desktop\DAV\org\apache\crimson\parser\Parser2.class <-- ftp.ic.ucsc.edu /usr/jedit/jedit403source/jEdit/jars/DAV/org/apache/crimson/parser Parser2.class
2003.06.02 15:47 B C:\Documents and Settings\James.OPSTER.000\Desktop\DAV\org\apache\crimson\parser\Resolver.class <-- ftp.ic.ucsc.edu /usr/jedit/jedit403source/jEdit/jars/DAV/org/apache/crimson/parser Resolver.class
2003.06.02 15:47 B C:\Documents and Settings\James.OPSTER.000\Desktop\DAV\org\apache\crimson\parser\SimpleHashtable$Entry.class <-- ftp.ic.ucsc.edu /usr/jedit/jedit403source/jEdit/jars/DAV/org/apache/crimson/parser SimpleHashtable$Entry.class
2003.06.02 15:47 B C:\Documents and Settings\James.OPSTER.000\Desktop\DAV\org\apache\crimson\parser\SimpleHashtable.class <-- ftp.ic.ucsc.edu /usr/jedit/jedit403source/jEdit/jars/DAV/org/apache/crimson/parser SimpleHashtable.class
2003.06.02 15:47 B C:\Documents and Settings\James.OPSTER.000\Desktop\DAV\org\apache\crimson\parser\ValidatingParser$1.class <-- ftp.ic.ucsc.edu /usr/jedit/jedit403source/jEdit/jars/DAV/org/apache/crimson/parser ValidatingParser$1.class
2003.06.02 15:47 B C:\Documents and Settings\James.OPSTER.000\Desktop\DAV\org\apache\crimson\parser\ValidatingParser$ChildrenValidator.class <-- ftp.ic.ucsc.edu /usr/jedit/jedit403source/jEdit/jars/DAV/org/apache/crimson/parser ValidatingParser$ChildrenValidator.class
2003.06.02 15:47 B C:\Documents and Settings\James.OPSTER.000\Desktop\DAV\org\apache\crimson\parser\ValidatingParser$EmptyValidator.class <-- ftp.ic.ucsc.edu /usr/jedit/jedit403source/jEdit/jars/DAV/org/apache/crimson/parser ValidatingParser$EmptyValidator.class
2003.06.02 15:47 B C:\Documents and Settings\James.OPSTER.000\Desktop\DAV\org\apache\crimson\parser\ValidatingParser$MixedValidator.class <-- ftp.ic.ucsc.edu /usr/jedit/jedit403source/jEdit/jars/DAV/org/apache/crimson/parser ValidatingParser$MixedValidator.class
2003.06.02 15:47 B C:\Documents and Settings\James.OPSTER.000\Desktop\DAV\org\apache\crimson\parser\ValidatingParser.class <-- ftp.ic.ucsc.edu /usr/jedit/jedit403source/jEdit/jars/DAV/org/apache/crimson/parser ValidatingParser.class
2003.06.02 15:47 B C:\Documents and Settings\James.OPSTER.000\Desktop\DAV\org\apache\crimson\parser\XmlReader$AsciiReader.class <-- ftp.ic.ucsc.edu /usr/jedit/jedit403source/jEdit/jars/DAV/org/apache/crimson/parser XmlReader$AsciiReader.class
2003.06.02 15:47 B C:\Documents and Settings\James.OPSTER.000\Desktop\DAV\org\apache\crimson\parser\XmlReader$BaseReader.class <-- ftp.ic.ucsc.edu /usr/jedit/jedit403source/jEdit/jars/DAV/org/apache/crimson/parser XmlReader$BaseReader.class
2003.06.02 15:47 B C:\Documents and Settings\James.OPSTER.000\Desktop\DAV\org\apache\crimson\parser\XmlReader$Iso8859_1Reader.class <-- ftp.ic.ucsc.edu /usr/jedit/jedit403source/jEdit/jars/DAV/org/apache/crimson/parser XmlReader$Iso8859_1Reader.class
2003.06.02 15:47 B C:\Documents and Settings\James.OPSTER.000\Desktop\DAV\org\apache\crimson\parser\XmlReader$Utf8Reader.class <-- ftp.ic.ucsc.edu /usr/jedit/jedit403source/jEdit/jars/DAV/org/apache/crimson/parser XmlReader$Utf8Reader.class
2003.06.02 15:47 B C:\Documents and Settings\James.OPSTER.000\Desktop\DAV\org\apache\crimson\parser\XmlReader.class <-- ftp.ic.ucsc.edu /usr/jedit/jedit403source/jEdit/jars/DAV/org/apache/crimson/parser XmlReader.class
2003.06.02 15:47 B C:\Documents and Settings\James.OPSTER.000\Desktop\DAV\org\apache\crimson\parser\XMLReaderImpl.class <-- ftp.ic.ucsc.edu /usr/jedit/jedit403source/jEdit/jars/DAV/org/apache/crimson/parser XMLReaderImpl.class
