2003.06.02 15:47 B C:\Documents and Settings\James.OPSTER.000\Desktop\DAV\org\apache\webdav\lib\methods\AclMethod.class <-- ftp.ic.ucsc.edu /usr/jedit/jedit403source/jEdit/jars/DAV/org/apache/webdav/lib/methods AclMethod.class
2003.06.02 15:47 B C:\Documents and Settings\James.OPSTER.000\Desktop\DAV\org\apache\webdav\lib\methods\AclReportMethod.class <-- ftp.ic.ucsc.edu /usr/jedit/jedit403source/jEdit/jars/DAV/org/apache/webdav/lib/methods AclReportMethod.class
2003.06.02 15:47 B C:\Documents and Settings\James.OPSTER.000\Desktop\DAV\org\apache\webdav\lib\methods\CheckinMethod.class <-- ftp.ic.ucsc.edu /usr/jedit/jedit403source/jEdit/jars/DAV/org/apache/webdav/lib/methods CheckinMethod.class
2003.06.02 15:47 B C:\Documents and Settings\James.OPSTER.000\Desktop\DAV\org\apache\webdav\lib\methods\CheckoutMethod.class <-- ftp.ic.ucsc.edu /usr/jedit/jedit403source/jEdit/jars/DAV/org/apache/webdav/lib/methods CheckoutMethod.class
2003.06.02 15:47 B C:\Documents and Settings\James.OPSTER.000\Desktop\DAV\org\apache\webdav\lib\methods\CopyMethod.class <-- ftp.ic.ucsc.edu /usr/jedit/jedit403source/jEdit/jars/DAV/org/apache/webdav/lib/methods CopyMethod.class
2003.06.02 15:47 B C:\Documents and Settings\James.OPSTER.000\Desktop\DAV\org\apache\webdav\lib\methods\DeleteMethod.class <-- ftp.ic.ucsc.edu /usr/jedit/jedit403source/jEdit/jars/DAV/org/apache/webdav/lib/methods DeleteMethod.class
2003.06.02 15:47 B C:\Documents and Settings\James.OPSTER.000\Desktop\DAV\org\apache\webdav\lib\methods\DepthSupport.class <-- ftp.ic.ucsc.edu /usr/jedit/jedit403source/jEdit/jars/DAV/org/apache/webdav/lib/methods DepthSupport.class
2003.06.02 15:47 B C:\Documents and Settings\James.OPSTER.000\Desktop\DAV\org\apache\webdav\lib\methods\GetMethod.class <-- ftp.ic.ucsc.edu /usr/jedit/jedit403source/jEdit/jars/DAV/org/apache/webdav/lib/methods GetMethod.class
2003.06.02 15:47 B C:\Documents and Settings\James.OPSTER.000\Desktop\DAV\org\apache\webdav\lib\methods\HeadMethod.class <-- ftp.ic.ucsc.edu /usr/jedit/jedit403source/jEdit/jars/DAV/org/apache/webdav/lib/methods HeadMethod.class
2003.06.02 15:47 B C:\Documents and Settings\James.OPSTER.000\Desktop\DAV\org\apache\webdav\lib\methods\HttpRequestBodyMethodBase.class <-- ftp.ic.ucsc.edu /usr/jedit/jedit403source/jEdit/jars/DAV/org/apache/webdav/lib/methods HttpRequestBodyMethodBase.class
2003.06.02 15:47 B C:\Documents and Settings\James.OPSTER.000\Desktop\DAV\org\apache\webdav\lib\methods\LabelMethod.class <-- ftp.ic.ucsc.edu /usr/jedit/jedit403source/jEdit/jars/DAV/org/apache/webdav/lib/methods LabelMethod.class
2003.06.02 15:47 B C:\Documents and Settings\James.OPSTER.000\Desktop\DAV\org\apache\webdav\lib\methods\LockMethod.class <-- ftp.ic.ucsc.edu /usr/jedit/jedit403source/jEdit/jars/DAV/org/apache/webdav/lib/methods LockMethod.class
2003.06.02 15:47 B C:\Documents and Settings\James.OPSTER.000\Desktop\DAV\org\apache\webdav\lib\methods\MkcolMethod.class <-- ftp.ic.ucsc.edu /usr/jedit/jedit403source/jEdit/jars/DAV/org/apache/webdav/lib/methods MkcolMethod.class
2003.06.02 15:47 B C:\Documents and Settings\James.OPSTER.000\Desktop\DAV\org\apache\webdav\lib\methods\MkWorkspaceMethod.class <-- ftp.ic.ucsc.edu /usr/jedit/jedit403source/jEdit/jars/DAV/org/apache/webdav/lib/methods MkWorkspaceMethod.class
2003.06.02 15:47 B C:\Documents and Settings\James.OPSTER.000\Desktop\DAV\org\apache\webdav\lib\methods\MoveMethod.class <-- ftp.ic.ucsc.edu /usr/jedit/jedit403source/jEdit/jars/DAV/org/apache/webdav/lib/methods MoveMethod.class
2003.06.02 15:47 B C:\Documents and Settings\James.OPSTER.000\Desktop\DAV\org\apache\webdav\lib\methods\OptionsMethod.class <-- ftp.ic.ucsc.edu /usr/jedit/jedit403source/jEdit/jars/DAV/org/apache/webdav/lib/methods OptionsMethod.class
2003.06.02 15:47 B C:\Documents and Settings\James.OPSTER.000\Desktop\DAV\org\apache\webdav\lib\methods\PostMethod.class <-- ftp.ic.ucsc.edu /usr/jedit/jedit403source/jEdit/jars/DAV/org/apache/webdav/lib/methods PostMethod.class
2003.06.02 15:47 B C:\Documents and Settings\James.OPSTER.000\Desktop\DAV\org\apache\webdav\lib\methods\PropertyBodyHelper.class <-- ftp.ic.ucsc.edu /usr/jedit/jedit403source/jEdit/jars/DAV/org/apache/webdav/lib/methods PropertyBodyHelper.class
2003.06.02 15:47 B C:\Documents and Settings\James.OPSTER.000\Desktop\DAV\org\apache\webdav\lib\methods\PropFindMethod.class <-- ftp.ic.ucsc.edu /usr/jedit/jedit403source/jEdit/jars/DAV/org/apache/webdav/lib/methods PropFindMethod.class
2003.06.02 15:47 B C:\Documents and Settings\James.OPSTER.000\Desktop\DAV\org\apache\webdav\lib\methods\PropPatchMethod$1.class <-- ftp.ic.ucsc.edu /usr/jedit/jedit403source/jEdit/jars/DAV/org/apache/webdav/lib/methods PropPatchMethod$1.class
2003.06.02 15:47 B C:\Documents and Settings\James.OPSTER.000\Desktop\DAV\org\apache\webdav\lib\methods\PropPatchMethod$Property.class <-- ftp.ic.ucsc.edu /usr/jedit/jedit403source/jEdit/jars/DAV/org/apache/webdav/lib/methods PropPatchMethod$Property.class
2003.06.02 15:47 B C:\Documents and Settings\James.OPSTER.000\Desktop\DAV\org\apache\webdav\lib\methods\PropPatchMethod.class <-- ftp.ic.ucsc.edu /usr/jedit/jedit403source/jEdit/jars/DAV/org/apache/webdav/lib/methods PropPatchMethod.class
2003.06.02 15:47 B C:\Documents and Settings\James.OPSTER.000\Desktop\DAV\org\apache\webdav\lib\methods\PutMethod.class <-- ftp.ic.ucsc.edu /usr/jedit/jedit403source/jEdit/jars/DAV/org/apache/webdav/lib/methods PutMethod.class
2003.06.02 15:47 B C:\Documents and Settings\James.OPSTER.000\Desktop\DAV\org\apache\webdav\lib\methods\ReportMethod.class <-- ftp.ic.ucsc.edu /usr/jedit/jedit403source/jEdit/jars/DAV/org/apache/webdav/lib/methods ReportMethod.class
2003.06.02 15:47 B C:\Documents and Settings\James.OPSTER.000\Desktop\DAV\org\apache\webdav\lib\methods\SearchMethod.class <-- ftp.ic.ucsc.edu /usr/jedit/jedit403source/jEdit/jars/DAV/org/apache/webdav/lib/methods SearchMethod.class
2003.06.02 15:47 B C:\Documents and Settings\James.OPSTER.000\Desktop\DAV\org\apache\webdav\lib\methods\UncheckoutMethod.class <-- ftp.ic.ucsc.edu /usr/jedit/jedit403source/jEdit/jars/DAV/org/apache/webdav/lib/methods UncheckoutMethod.class
2003.06.02 15:47 B C:\Documents and Settings\James.OPSTER.000\Desktop\DAV\org\apache\webdav\lib\methods\UnlockMethod.class <-- ftp.ic.ucsc.edu /usr/jedit/jedit403source/jEdit/jars/DAV/org/apache/webdav/lib/methods UnlockMethod.class
2003.06.02 15:47 B C:\Documents and Settings\James.OPSTER.000\Desktop\DAV\org\apache\webdav\lib\methods\UpdateMethod.class <-- ftp.ic.ucsc.edu /usr/jedit/jedit403source/jEdit/jars/DAV/org/apache/webdav/lib/methods UpdateMethod.class
2003.06.02 15:47 B C:\Documents and Settings\James.OPSTER.000\Desktop\DAV\org\apache\webdav\lib\methods\VersionControlMethod.class <-- ftp.ic.ucsc.edu /usr/jedit/jedit403source/jEdit/jars/DAV/org/apache/webdav/lib/methods VersionControlMethod.class
2003.06.02 15:47 B C:\Documents and Settings\James.OPSTER.000\Desktop\DAV\org\apache\webdav\lib\methods\XMLResponseMethodBase$OptionsResponse.class <-- ftp.ic.ucsc.edu /usr/jedit/jedit403source/jEdit/jars/DAV/org/apache/webdav/lib/methods XMLResponseMethodBase$OptionsResponse.class
2003.06.02 15:47 B C:\Documents and Settings\James.OPSTER.000\Desktop\DAV\org\apache\webdav\lib\methods\XMLResponseMethodBase$Response.class <-- ftp.ic.ucsc.edu /usr/jedit/jedit403source/jEdit/jars/DAV/org/apache/webdav/lib/methods XMLResponseMethodBase$Response.class
2003.06.02 15:47 B C:\Documents and Settings\James.OPSTER.000\Desktop\DAV\org\apache\webdav\lib\methods\XMLResponseMethodBase$ResponseWithinMultistatus.class <-- ftp.ic.ucsc.edu /usr/jedit/jedit403source/jEdit/jars/DAV/org/apache/webdav/lib/methods XMLResponseMethodBase$ResponseWithinMultistatus.class
2003.06.02 15:47 B C:\Documents and Settings\James.OPSTER.000\Desktop\DAV\org\apache\webdav\lib\methods\XMLResponseMethodBase$SingleResponse.class <-- ftp.ic.ucsc.edu /usr/jedit/jedit403source/jEdit/jars/DAV/org/apache/webdav/lib/methods XMLResponseMethodBase$SingleResponse.class
2003.06.02 15:47 B C:\Documents and Settings\James.OPSTER.000\Desktop\DAV\org\apache\webdav\lib\methods\XMLResponseMethodBase.class <-- ftp.ic.ucsc.edu /usr/jedit/jedit403source/jEdit/jars/DAV/org/apache/webdav/lib/methods XMLResponseMethodBase.class
